<?xml version="1.0" encoding="UTF-8"?>
<testng-results ignored="0" total="3" passed="3" failed="0" skipped="0">
  <reporter-output>
  </reporter-output>
  <suite started-at="2021-08-14T19:53:01 CEST" name="Test" finished-at="2021-08-14T19:54:57 CEST" duration-ms="116685">
    <groups>
    </groups>
    <test started-at="2021-08-14T19:53:01 CEST" name="Android native app test on Android 7" finished-at="2021-08-14T19:54:57 CEST" duration-ms="116685">
      <class name="getirAppTests.BaseClass">
        <test-method is-config="true" signature="setup()[pri:0, instance:getirAppTests.BaseClass@20deea7f]" started-at="2021-08-14T19:53:01 CEST" name="setup" finished-at="2021-08-14T19:53:37 CEST" duration-ms="35713" status="PASS">
          <reporter-output>
          </reporter-output>
        </test-method> <!-- setup -->
        <test-method signature="Case2()[pri:0, instance:getirAppTests.BaseClass@20deea7f]" started-at="2021-08-14T19:53:37 CEST" name="Case2" finished-at="2021-08-14T19:54:30 CEST" duration-ms="53434" status="PASS">
          <reporter-output>
          </reporter-output>
        </test-method> <!-- Case2 -->
        <test-method signature="Case3()[pri:0, instance:getirAppTests.BaseClass@20deea7f]" started-at="2021-08-14T19:53:37 CEST" name="Case3" finished-at="2021-08-14T19:53:37 CEST" duration-ms="11" status="PASS">
          <reporter-output>
          </reporter-output>
        </test-method> <!-- Case3 -->
        <test-method signature="Case1()[pri:0, instance:getirAppTests.BaseClass@20deea7f]" started-at="2021-08-14T19:53:37 CEST" name="Case1" finished-at="2021-08-14T19:54:57 CEST" duration-ms="80906" status="PASS">
          <reporter-output>
          </reporter-output>
        </test-method> <!-- Case1 -->
        <test-method is-config="true" signature="teardown()[pri:0, instance:getirAppTests.BaseClass@20deea7f]" started-at="2021-08-14T19:54:58 CEST" name="teardown" finished-at="2021-08-14T19:55:00 CEST" duration-ms="2704" status="PASS">
          <reporter-output>
          </reporter-output>
        </test-method> <!-- teardown -->
      </class> <!-- getirAppTests.BaseClass -->
    </test> <!-- Android native app test on Android 7 -->
  </suite> <!-- Test -->
</testng-results>
