<?xml version="1.0" encoding="UTF-8"?>
<!-- Generated by org.testng.reporters.JUnitXMLReporter -->
<testsuite ignored="0" hostname="CHRMAM01103" failures="0" tests="3" name="Android native app test on Android 7" time="116.685" errors="0" timestamp="2021-08-14T19:54:58 CEST">
  <testcase classname="getirAppTests.BaseClass" name="Case3" time="0.011"/>
  <testcase classname="getirAppTests.BaseClass" name="Case2" time="53.434"/>
  <testcase classname="getirAppTests.BaseClass" name="Case1" time="80.906"/>
</testsuite> <!-- Android native app test on Android 7 -->
